<?xml version="1.0" encoding="UTF-8"?>
<!-- Generated by org.testng.reporters.JUnitXMLReporter -->
<testsuite ignored="0" hostname="HP-PCTDFHGJ" failures="0" tests="4" name="TestNG Test" time="0.099" errors="0" timestamp="2022-03-26T08:15:44 IST">
  <testcase classname="testngFramework.TestNGAnnotation" name="test1" time="0.007"/>
  <testcase classname="testngFramework.TestNGAnnotation" name="test2" time="0.005"/>
  <testcase classname="testngFramework.TestNGAnnotation" name="test3" time="0.006"/>
  <testcase classname="testngFramework.TestDemo" name="test" time="0.003"/>
</testsuite> <!-- TestNG Test -->
