<?xml version="1.0" encoding="UTF-8"?>
<!-- Generated by org.testng.reporters.JUnitXMLReporter -->
<testsuite ignored="2" hostname="HP-PCTDFHGJ" failures="0" tests="2" name="Default test(failed)" time="0.063" errors="0" timestamp="2022-03-27T07:47:27 IST">
  <testcase classname="testngFramework.FailedTestRuninTestNG" name="test2" time="0.01"/>
  <testcase classname="testngFramework.FailedTestRuninTestNG" name="test4" time="0.002"/>
  <testcase classname="testngFramework.FailedTestRuninTestNG" name="test1" time="0.0">
    <ignored/>
  </testcase> <!-- test1 -->
  <testcase classname="testngFramework.FailedTestRuninTestNG" name="test3" time="0.0">
    <ignored/>
  </testcase> <!-- test3 -->
</testsuite> <!-- Default test(failed) -->
