<?xml version="1.0" encoding="UTF-8"?>
<!-- Generated by org.testng.reporters.JUnitXMLReporter -->
<testsuite ignored="0" hostname="HP-PCTDFHGJ" failures="0" tests="4" name="Default test" time="1.096" errors="0" timestamp="2022-04-09T10:52:59 IST">
  <testcase classname="com.excelautomation.DDTest" name="setData" time="0.007"/>
  <testcase classname="com.excelautomation.DDTest" name="setData" time="0.002"/>
  <testcase classname="com.excelautomation.DDTest" name="setData" time="0.001"/>
  <testcase classname="com.excelautomation.DDTest" name="setData" time="0.002"/>
</testsuite> <!-- Default test -->
