<?xml version="1.0" encoding="UTF-8"?>
<!-- Generated by org.testng.reporters.JUnitXMLReporter -->
<testsuite ignored="1" hostname="HP-PCTDFHGJ" failures="0" tests="2" name="groups test" time="0.066" errors="0" timestamp="2022-03-27T08:03:42 IST">
  <testcase classname="testngFramework.GroupsTestInTestNG" name="loginTest" time="0.013"/>
  <testcase classname="testngFramework.GroupsTestInTestNG" name="logoutTest" time="0.002"/>
  <testcase classname="testngFramework.GroupsTestInTestNG" name="createAnAccount" time="0.0">
    <ignored/>
  </testcase> <!-- createAnAccount -->
</testsuite> <!-- groups test -->
