<?xml version="1.0" encoding="UTF-8"?>
<testng-results ignored="0" total="4" passed="4" failed="0" skipped="0">
  <reporter-output>
  </reporter-output>
  <suite started-at="2022-04-09T10:52:57 IST" name="Default suite" finished-at="2022-04-09T10:52:59 IST" duration-ms="1096">
    <groups>
    </groups>
    <test started-at="2022-04-09T10:52:57 IST" name="Default test" finished-at="2022-04-09T10:52:59 IST" duration-ms="1096">
      <class name="com.excelautomation.DDTest">
        <test-method signature="setData(java.lang.String,java.lang.String,java.lang.String)[pri:0, instance:com.excelautomation.DDTest@26275bef]" started-at="2022-04-09T10:52:59 IST" name="setData" data-provider="getData" finished-at="2022-04-09T10:52:59 IST" duration-ms="7" status="PASS">
          <params>
            <param index="0">
              <value>
                <![CDATA[Username]]>
              </value>
            </param>
            <param index="1">
              <value>
                <![CDATA[Password]]>
              </value>
            </param>
            <param index="2">
              <value>
                <![CDATA[Email_id]]>
              </value>
            </param>
          </params>
          <reporter-output>
          </reporter-output>
        </test-method> <!-- setData -->
        <test-method signature="setData(java.lang.String,java.lang.String,java.lang.String)[pri:0, instance:com.excelautomation.DDTest@26275bef]" started-at="2022-04-09T10:52:59 IST" name="setData" data-provider="getData" finished-at="2022-04-09T10:52:59 IST" duration-ms="2" status="PASS">
          <params>
            <param index="0">
              <value>
                <![CDATA[Admin]]>
              </value>
            </param>
            <param index="1">
              <value>
                <![CDATA[admin123]]>
              </value>
            </param>
            <param index="2">
              <value>
                <![CDATA[Raman@gmail.com]]>
              </value>
            </param>
          </params>
          <reporter-output>
          </reporter-output>
        </test-method> <!-- setData -->
        <test-method signature="setData(java.lang.String,java.lang.String,java.lang.String)[pri:0, instance:com.excelautomation.DDTest@26275bef]" started-at="2022-04-09T10:52:59 IST" name="setData" data-provider="getData" finished-at="2022-04-09T10:52:59 IST" duration-ms="1" status="PASS">
          <params>
            <param index="0">
              <value>
                <![CDATA[Admin12]]>
              </value>
            </param>
            <param index="1">
              <value>
                <![CDATA[admin123]]>
              </value>
            </param>
            <param index="2">
              <value>
                <![CDATA[ravi@gmail.com]]>
              </value>
            </param>
          </params>
          <reporter-output>
          </reporter-output>
        </test-method> <!-- setData -->
        <test-method signature="setData(java.lang.String,java.lang.String,java.lang.String)[pri:0, instance:com.excelautomation.DDTest@26275bef]" started-at="2022-04-09T10:52:59 IST" name="setData" data-provider="getData" finished-at="2022-04-09T10:52:59 IST" duration-ms="2" status="PASS">
          <params>
            <param index="0">
              <value>
                <![CDATA[Admin]]>
              </value>
            </param>
            <param index="1">
              <value>
                <![CDATA[admin1234]]>
              </value>
            </param>
            <param index="2">
              <value>
                <![CDATA[vaisshali@gmail.com]]>
              </value>
            </param>
          </params>
          <reporter-output>
          </reporter-output>
        </test-method> <!-- setData -->
      </class> <!-- com.excelautomation.DDTest -->
    </test> <!-- Default test -->
  </suite> <!-- Default suite -->
</testng-results>
